<?xml version="1.0" encoding="UTF-8"?>
<!-- Generated by org.testng.reporters.JUnitReportReporter -->
<testsuite skipped="0" hostname="Babita-PC" name="test.LoginTest" tests="1" failures="0" timestamp="28 Jan 2020 06:17:52 GMT" time="14.569" errors="0">
  <testcase name="validUserShouldBeAbleToLogin" time="14.569" classname="test.LoginTest"/>
</testsuite> <!-- test.LoginTest -->
